Build started 11/14/2014 8:10:37 PM.
     1>Project "C:\Users\Ben\Desktop\CMSC405\Benjamin_Knauth_Homework4_2\Benjamin_Knauth_Homework4_2\Benjamin_Knauth_Homework4_2.vcxproj" on node 2 (Build target(s)).
     1>ClCompile:
         C:\Program Files (x86)\Microsoft Visual Studio 12.0\VC\bin\CL.exe /c /ZI /nologo /W3 /WX- /sdl /Od /Oy- /D WIN32 /D _DEBUG /D _CONSOLE /D _LIB /D _UNICODE /D UNICODE /Gm /EHsc /RTC1 /MDd /GS /fp:precise /Zc:wchar_t /Zc:forScope /Fo"Debug\\" /Fd"Debug\vc120.pdb" /Gd /TP /analyze- /errorReport:prompt Benjamin_Knauth_Homework4_2.cpp
         Benjamin_Knauth_Homework4_2.cpp
     1>c:\users\ben\desktop\cmsc405\benjamin_knauth_homework4_2\benjamin_knauth_homework4_2\benjamin_knauth_homework4_2.cpp(57): warning C4244: '=' : conversion from 'double' to 'GLfloat', possible loss of data
     1>c:\users\ben\desktop\cmsc405\benjamin_knauth_homework4_2\benjamin_knauth_homework4_2\benjamin_knauth_homework4_2.cpp(59): warning C4244: '=' : conversion from 'double' to 'GLfloat', possible loss of data
     1>c:\users\ben\desktop\cmsc405\benjamin_knauth_homework4_2\benjamin_knauth_homework4_2\benjamin_knauth_homework4_2.cpp(63): warning C4244: 'argument' : conversion from 'GLfloat' to 'GLint', possible loss of data
     1>c:\users\ben\desktop\cmsc405\benjamin_knauth_homework4_2\benjamin_knauth_homework4_2\benjamin_knauth_homework4_2.cpp(270): warning C4244: 'argument' : conversion from 'double' to 'GLsizei', possible loss of data
     1>c:\users\ben\desktop\cmsc405\benjamin_knauth_homework4_2\benjamin_knauth_homework4_2\benjamin_knauth_homework4_2.cpp(274): warning C4244: 'argument' : conversion from 'double' to 'GLsizei', possible loss of data
     1>c:\users\ben\desktop\cmsc405\benjamin_knauth_homework4_2\benjamin_knauth_homework4_2\benjamin_knauth_homework4_2.cpp(278): warning C4244: 'argument' : conversion from 'double' to 'GLsizei', possible loss of data
     1>c:\users\ben\desktop\cmsc405\benjamin_knauth_homework4_2\benjamin_knauth_homework4_2\benjamin_knauth_homework4_2.cpp(282): warning C4244: 'argument' : conversion from 'double' to 'GLsizei', possible loss of data
     1>c:\users\ben\desktop\cmsc405\benjamin_knauth_homework4_2\benjamin_knauth_homework4_2\benjamin_knauth_homework4_2.cpp(340): warning C4244: 'argument' : conversion from 'double' to 'GLint', possible loss of data
     1>c:\users\ben\desktop\cmsc405\benjamin_knauth_homework4_2\benjamin_knauth_homework4_2\benjamin_knauth_homework4_2.cpp(345): warning C4244: 'argument' : conversion from 'double' to 'GLint', possible loss of data
     1>c:\users\ben\desktop\cmsc405\benjamin_knauth_homework4_2\benjamin_knauth_homework4_2\benjamin_knauth_homework4_2.cpp(350): warning C4244: 'argument' : conversion from 'double' to 'GLint', possible loss of data
     1>c:\users\ben\desktop\cmsc405\benjamin_knauth_homework4_2\benjamin_knauth_homework4_2\benjamin_knauth_homework4_2.cpp(360): warning C4244: 'argument' : conversion from 'double' to 'GLint', possible loss of data
     1>c:\users\ben\desktop\cmsc405\benjamin_knauth_homework4_2\benjamin_knauth_homework4_2\benjamin_knauth_homework4_2.cpp(466): warning C4244: 'argument' : conversion from 'double' to 'GLsizei', possible loss of data
     1>c:\users\ben\desktop\cmsc405\benjamin_knauth_homework4_2\benjamin_knauth_homework4_2\benjamin_knauth_homework4_2.cpp(468): warning C4244: 'argument' : conversion from 'double' to 'GLsizei', possible loss of data
     1>c:\users\ben\desktop\cmsc405\benjamin_knauth_homework4_2\benjamin_knauth_homework4_2\benjamin_knauth_homework4_2.cpp(470): warning C4244: 'argument' : conversion from 'double' to 'GLsizei', possible loss of data
     1>c:\users\ben\desktop\cmsc405\benjamin_knauth_homework4_2\benjamin_knauth_homework4_2\benjamin_knauth_homework4_2.cpp(472): warning C4244: 'argument' : conversion from 'double' to 'GLsizei', possible loss of data
     1>c:\users\ben\desktop\cmsc405\benjamin_knauth_homework4_2\benjamin_knauth_homework4_2\benjamin_knauth_homework4_2.cpp(474): warning C4244: 'argument' : conversion from 'double' to 'GLsizei', possible loss of data
     1>c:\users\ben\desktop\cmsc405\benjamin_knauth_homework4_2\benjamin_knauth_homework4_2\benjamin_knauth_homework4_2.cpp(476): warning C4244: 'argument' : conversion from 'double' to 'GLsizei', possible loss of data
     1>c:\users\ben\desktop\cmsc405\benjamin_knauth_homework4_2\benjamin_knauth_homework4_2\benjamin_knauth_homework4_2.cpp(478): warning C4244: 'argument' : conversion from 'double' to 'GLsizei', possible loss of data
     1>c:\users\ben\desktop\cmsc405\benjamin_knauth_homework4_2\benjamin_knauth_homework4_2\benjamin_knauth_homework4_2.cpp(480): warning C4244: 'argument' : conversion from 'double' to 'GLsizei', possible loss of data
     1>c:\users\ben\desktop\cmsc405\benjamin_knauth_homework4_2\benjamin_knauth_homework4_2\benjamin_knauth_homework4_2.cpp(482): warning C4244: 'argument' : conversion from 'double' to 'GLsizei', possible loss of data
     1>c:\users\ben\desktop\cmsc405\benjamin_knauth_homework4_2\benjamin_knauth_homework4_2\benjamin_knauth_homework4_2.cpp(484): warning C4244: 'argument' : conversion from 'double' to 'GLsizei', possible loss of data
     1>c:\users\ben\desktop\cmsc405\benjamin_knauth_homework4_2\benjamin_knauth_homework4_2\benjamin_knauth_homework4_2.cpp(499): warning C4244: '=' : conversion from 'double' to 'GLint', possible loss of data
     1>c:\users\ben\desktop\cmsc405\benjamin_knauth_homework4_2\benjamin_knauth_homework4_2\benjamin_knauth_homework4_2.cpp(500): warning C4244: '=' : conversion from 'double' to 'GLint', possible loss of data
     1>c:\users\ben\desktop\cmsc405\benjamin_knauth_homework4_2\benjamin_knauth_homework4_2\benjamin_knauth_homework4_2.cpp(507): warning C4305: 'argument' : truncation from 'double' to 'GLfloat'
     1>c:\users\ben\desktop\cmsc405\benjamin_knauth_homework4_2\benjamin_knauth_homework4_2\benjamin_knauth_homework4_2.cpp(544): warning C4244: 'argument' : conversion from 'double' to 'GLsizei', possible loss of data
     1>c:\users\ben\desktop\cmsc405\benjamin_knauth_homework4_2\benjamin_knauth_homework4_2\benjamin_knauth_homework4_2.cpp(767): warning C4244: 'argument' : conversion from 'double' to 'GLint', possible loss of data
     1>c:\users\ben\desktop\cmsc405\benjamin_knauth_homework4_2\benjamin_knauth_homework4_2\benjamin_knauth_homework4_2.cpp(772): warning C4244: 'argument' : conversion from 'double' to 'GLint', possible loss of data
     1>c:\users\ben\desktop\cmsc405\benjamin_knauth_homework4_2\benjamin_knauth_homework4_2\benjamin_knauth_homework4_2.cpp(777): warning C4244: 'argument' : conversion from 'double' to 'GLint', possible loss of data
     1>c:\users\ben\desktop\cmsc405\benjamin_knauth_homework4_2\benjamin_knauth_homework4_2\benjamin_knauth_homework4_2.cpp(876): warning C4244: 'argument' : conversion from 'double' to 'GLsizei', possible loss of data
       Link:
         C:\Program Files (x86)\Microsoft Visual Studio 12.0\VC\bin\link.exe /ERRORREPORT:PROMPT /OUT:"C:\Users\Ben\Desktop\CMSC405\Benjamin_Knauth_Homework4_2\Debug\Benjamin_Knauth_Homework4_2.exe" /INCREMENTAL /NOLOGO kernel32.lib user32.lib gdi32.lib winspool.lib comdlg32.lib advapi32.lib shell32.lib ole32.lib oleaut32.lib uuid.lib odbc32.lib odbccp32.lib /MANIFEST /MANIFESTUAC:"level='asInvoker' uiAccess='false'" /manifest:embed /DEBUG /PDB:"C:\Users\Ben\Desktop\CMSC405\Benjamin_Knauth_Homework4_2\Debug\Benjamin_Knauth_Homework4_2.pdb" /SUBSYSTEM:CONSOLE /TLBID:1 /DYNAMICBASE /NXCOMPAT /IMPLIB:"C:\Users\Ben\Desktop\CMSC405\Benjamin_Knauth_Homework4_2\Debug\Benjamin_Knauth_Homework4_2.lib" /MACHINE:X86 Debug\Benjamin_Knauth_Homework4_2.obj
         Benjamin_Knauth_Homework4_2.vcxproj -> C:\Users\Ben\Desktop\CMSC405\Benjamin_Knauth_Homework4_2\Debug\Benjamin_Knauth_Homework4_2.exe
     1>Done Building Project "C:\Users\Ben\Desktop\CMSC405\Benjamin_Knauth_Homework4_2\Benjamin_Knauth_Homework4_2\Benjamin_Knauth_Homework4_2.vcxproj" (Build target(s)).

Build succeeded.

Time Elapsed 00:00:00.74
